Build started 05/04/2016 15:43:26.
     1>Project "C:\Users\Computing\Documents\GitHub\Parallel_Computing_Assignment\OpenCL Tutorials\Tutorial 3\Tutorial 3.vcxproj" on node 2 (Rebuild target(s)).
     1>C:\Program Files (x86)\MSBuild\Microsoft.Cpp\v4.0\V140\Microsoft.CppBuild.targets(392,5): warning MSB8028: The intermediate directory (x64\Debug\) contains files shared from another project (Assignment.vcxproj, Tutorial.3.vcxproj).  This can lead to incorrect clean and rebuild behavior.
     1>ClCompile:
         C:\Program Files (x86)\Microsoft Visual Studio 14.0\VC\bin\x86_amd64\CL.exe /c /I"C:\Program Files (x86)\Intel\OpenCL SDK\5.3\include" /Zi /nologo /W3 /WX- /Od /D __x86_64 /D _DEBUG /D _CONSOLE /D _UNICODE /D UNICODE /Gm /EHsc /RTC1 /MDd /GS /fp:precise /Zc:wchar_t /Zc:forScope /Zc:inline /Fo"x64\Debug\\" /Fd"x64\Debug\vc140.pdb" /Gd /TP /errorReport:prompt "Tutorial 3.cpp"
         Tutorial 3.cpp
     1>Tutorial 3.cpp(92): warning C4244: 'argument': conversion from 'float' to 'int', possible loss of data
     1>Tutorial 3.cpp(109): warning C4267: 'initializing': conversion from 'size_t' to 'int', possible loss of data
     1>Tutorial 3.cpp(188): warning C4244: 'initializing': conversion from 'double' to 'int', possible loss of data
     1>Tutorial 3.cpp(189): warning C4244: '=': conversion from 'double' to 'int', possible loss of data
       Link:
         C:\Program Files (x86)\Microsoft Visual Studio 14.0\VC\bin\x86_amd64\link.exe /ERRORREPORT:PROMPT /OUT:"C:\Users\Computing\Documents\GitHub\Parallel_Computing_Assignment\OpenCL Tutorials\x64\Debug\Tutorial 3.exe" /INCREMENTAL /NOLOGO /LIBPATH:"C:\Program Files (x86)\Intel\OpenCL SDK\5.3\lib\x64" OpenCL.lib kernel32.lib user32.lib gdi32.lib winspool.lib comdlg32.lib advapi32.lib shell32.lib ole32.lib oleaut32.lib uuid.lib odbc32.lib odbccp32.lib /MANIFEST /MANIFESTUAC:"level='asInvoker' uiAccess='false'" /manifest:embed /Debug /PDB:"C:\Users\Computing\Documents\GitHub\Parallel_Computing_Assignment\OpenCL Tutorials\x64\Debug\Tutorial 3.pdb" /TLBID:1 /DYNAMICBASE /NXCOMPAT /IMPLIB:"C:\Users\Computing\Documents\GitHub\Parallel_Computing_Assignment\OpenCL Tutorials\x64\Debug\Tutorial 3.lib" /MACHINE:X64 "x64\Debug\Tutorial 3.obj"
         Tutorial 3.vcxproj -> C:\Users\Computing\Documents\GitHub\Parallel_Computing_Assignment\OpenCL Tutorials\x64\Debug\Tutorial 3.exe
       PostBuildEvent:
         If exist "*.cl" copy "*.cl" "C:\Users\Computing\Documents\GitHub\Parallel_Computing_Assignment\OpenCL Tutorials\x64\Debug\\"
         :VCEnd
         my_kernels3.cl
                 1 file(s) copied.
     1>Done Building Project "C:\Users\Computing\Documents\GitHub\Parallel_Computing_Assignment\OpenCL Tutorials\Tutorial 3\Tutorial 3.vcxproj" (Rebuild target(s)).

Build succeeded.

Time Elapsed 00:00:01.08
